# JRE version: OpenJDK Runtime Environment (8.0_151-b12) (build 1.8.0_151-8u151-b12-0ubuntu0.17.10.2-b12)
# Java VM: OpenJDK 64-Bit Server VM (25.151-b12 mixed mode linux-amd64 compressed oops)
Heap:
 PSYoungGen      total 235520K, used 13525K [0x00000000eab00000, 0x0000000100000000, 0x0000000100000000)
  eden space 177152K, 0% used [0x00000000eab00000,0x00000000eab00000,0x00000000f5800000)
  from space 58368K, 23% used [0x00000000fae00000,0x00000000fbb35790,0x00000000fe700000)
  to   space 86016K, 0% used [0x00000000f5800000,0x00000000f5800000,0x00000000fac00000)
 ParOldGen       total 254464K, used 254118K [0x00000000c0000000, 0x00000000cf880000, 0x00000000eab00000)
  object space 254464K, 99% used [0x00000000c0000000,0x00000000cf829bc0,0x00000000cf880000)
 Metaspace       used 6419K, capacity 7158K, committed 7296K, reserved 1056768K
  class space    used 599K, capacity 622K, committed 640K, reserved 1048576K
GC Heap History (10 events):
Event: 27.907 GC heap after
Heap after GC invocations=12 (full 1):
 PSYoungGen      total 177152K, used 177142K [0x00000000eab00000, 0x00000000f9500000, 0x0000000100000000)
  eden space 156160K, 100% used [0x00000000eab00000,0x00000000f4380000,0x00000000f4380000)
  from space 20992K, 99% used [0x00000000f8080000,0x00000000f94fda58,0x00000000f9500000)
  to   space 27648K, 99% used [0x00000000f5f00000,0x00000000f79fb958,0x00000000f7a00000)
 ParOldGen       total 100352K, used 99989K [0x00000000c0000000, 0x00000000c6200000, 0x00000000eab00000)
  object space 100352K, 99% used [0x00000000c0000000,0x00000000c61a54a0,0x00000000c6200000)
 Metaspace       used 6418K, capacity 7158K, committed 7296K, reserved 1056768K
  class space    used 599K, capacity 622K, committed 640K, reserved 1048576K
}
Event: 27.907 GC heap before
{Heap before GC invocations=13 (full 2):
 PSYoungGen      total 177152K, used 177142K [0x00000000eab00000, 0x00000000f9500000, 0x0000000100000000)
  eden space 156160K, 100% used [0x00000000eab00000,0x00000000f4380000,0x00000000f4380000)
  from space 20992K, 99% used [0x00000000f8080000,0x00000000f94fda58,0x00000000f9500000)
  to   space 27648K, 99% used [0x00000000f5f00000,0x00000000f79fb958,0x00000000f7a00000)
 ParOldGen       total 100352K, used 99989K [0x00000000c0000000, 0x00000000c6200000, 0x00000000eab00000)
  object space 100352K, 99% used [0x00000000c0000000,0x00000000c61a54a0,0x00000000c6200000)
 Metaspace       used 6418K, capacity 7158K, committed 7296K, reserved 1056768K
  class space    used 599K, capacity 622K, committed 640K, reserved 1048576K
Event: 31.892 GC heap after
Heap after GC invocations=13 (full 2):
 PSYoungGen      total 177152K, used 43356K [0x00000000eab00000, 0x00000000f9500000, 0x0000000100000000)
  eden space 156160K, 27% used [0x00000000eab00000,0x00000000ed557100,0x00000000f4380000)
  from space 20992K, 0% used [0x00000000f8080000,0x00000000f8080000,0x00000000f9500000)
  to   space 27648K, 0% used [0x00000000f5f00000,0x00000000f5f00000,0x00000000f7a00000)
 ParOldGen       total 145408K, used 100188K [0x00000000c0000000, 0x00000000c8e00000, 0x00000000eab00000)
  object space 145408K, 68% used [0x00000000c0000000,0x00000000c61d71d8,0x00000000c8e00000)
 Metaspace       used 6418K, capacity 7158K, committed 7296K, reserved 1056768K
  class space    used 599K, capacity 622K, committed 640K, reserved 1048576K
}
Event: 32.344 GC heap before
{Heap before GC invocations=14 (full 2):
 PSYoungGen      total 177152K, used 156160K [0x00000000eab00000, 0x00000000f9500000, 0x0000000100000000)
  eden space 156160K, 100% used [0x00000000eab00000,0x00000000f4380000,0x00000000f4380000)
  from space 20992K, 0% used [0x00000000f8080000,0x00000000f8080000,0x00000000f9500000)
  to   space 27648K, 0% used [0x00000000f5f00000,0x00000000f5f00000,0x00000000f7a00000)
 ParOldGen       total 145408K, used 100188K [0x00000000c0000000, 0x00000000c8e00000, 0x00000000eab00000)
  object space 145408K, 68% used [0x00000000c0000000,0x00000000c61d71d8,0x00000000c8e00000)
 Metaspace       used 6418K, capacity 7158K, committed 7296K, reserved 1056768K
  class space    used 599K, capacity 622K, committed 640K, reserved 1048576K
Event: 32.624 GC heap after
Heap after GC invocations=14 (full 2):
 PSYoungGen      total 211968K, used 27620K [0x00000000eab00000, 0x00000000fe700000, 0x0000000100000000)
  eden space 184320K, 0% used [0x00000000eab00000,0x00000000eab00000,0x00000000f5f00000)
  from space 27648K, 99% used [0x00000000f5f00000,0x00000000f79f91b0,0x00000000f7a00000)
  to   space 58368K, 0% used [0x00000000fae00000,0x00000000fae00000,0x00000000fe700000)
 ParOldGen       total 172032K, used 171114K [0x00000000c0000000, 0x00000000ca800000, 0x00000000eab00000)
  object space 172032K, 99% used [0x00000000c0000000,0x00000000ca71a8d0,0x00000000ca800000)
 Metaspace       used 6418K, capacity 7158K, committed 7296K, reserved 1056768K
  class space    used 599K, capacity 622K, committed 640K, reserved 1048576K
}
Event: 32.624 GC heap before
{Heap before GC invocations=15 (full 3):
 PSYoungGen      total 211968K, used 27620K [0x00000000eab00000, 0x00000000fe700000, 0x0000000100000000)
  eden space 184320K, 0% used [0x00000000eab00000,0x00000000eab00000,0x00000000f5f00000)
  from space 27648K, 99% used [0x00000000f5f00000,0x00000000f79f91b0,0x00000000f7a00000)
  to   space 58368K, 0% used [0x00000000fae00000,0x00000000fae00000,0x00000000fe700000)
 ParOldGen       total 172032K, used 171114K [0x00000000c0000000, 0x00000000ca800000, 0x00000000eab00000)
  object space 172032K, 99% used [0x00000000c0000000,0x00000000ca71a8d0,0x00000000ca800000)
 Metaspace       used 6418K, capacity 7158K, committed 7296K, reserved 1056768K
  class space    used 599K, capacity 622K, committed 640K, reserved 1048576K
Event: 34.563 GC heap after
Heap after GC invocations=15 (full 3):
 PSYoungGen      total 211968K, used 23937K [0x00000000eab00000, 0x00000000fe700000, 0x0000000100000000)
  eden space 184320K, 0% used [0x00000000eab00000,0x00000000eab00000,0x00000000f5f00000)
  from space 27648K, 86% used [0x00000000f5f00000,0x00000000f7660418,0x00000000f7a00000)
  to   space 58368K, 0% used [0x00000000fae00000,0x00000000fae00000,0x00000000fe700000)
 ParOldGen       total 254464K, used 171980K [0x00000000c0000000, 0x00000000cf880000, 0x00000000eab00000)
  object space 254464K, 67% used [0x00000000c0000000,0x00000000ca7f3258,0x00000000cf880000)
 Metaspace       used 6418K, capacity 7158K, committed 7296K, reserved 1056768K
  class space    used 599K, capacity 622K, committed 640K, reserved 1048576K
}
Event: 35.360 GC heap before
{Heap before GC invocations=16 (full 3):
 PSYoungGen      total 211968K, used 208257K [0x00000000eab00000, 0x00000000fe700000, 0x0000000100000000)
  eden space 184320K, 100% used [0x00000000eab00000,0x00000000f5f00000,0x00000000f5f00000)
  from space 27648K, 86% used [0x00000000f5f00000,0x00000000f7660418,0x00000000f7a00000)
  to   space 58368K, 0% used [0x00000000fae00000,0x00000000fae00000,0x00000000fe700000)
 ParOldGen       total 254464K, used 171980K [0x00000000c0000000, 0x00000000cf880000, 0x00000000eab00000)
  object space 254464K, 67% used [0x00000000c0000000,0x00000000ca7f3258,0x00000000cf880000)
 Metaspace       used 6419K, capacity 7158K, committed 7296K, reserved 1056768K
  class space    used 599K, capacity 622K, committed 640K, reserved 1048576K
Event: 43.305 GC heap after
Heap after GC invocations=16 (full 3):
 PSYoungGen      total 235520K, used 58349K [0x00000000eab00000, 0x0000000100000000, 0x0000000100000000)
  eden space 177152K, 0% used [0x00000000eab00000,0x00000000eab00000,0x00000000f5800000)
  from space 58368K, 99% used [0x00000000fae00000,0x00000000fe6fb440,0x00000000fe700000)
  to   space 86016K, 0% used [0x00000000f5800000,0x00000000f5800000,0x00000000fac00000)
 ParOldGen       total 254464K, used 220273K [0x00000000c0000000, 0x00000000cf880000, 0x00000000eab00000)
  object space 254464K, 86% used [0x00000000c0000000,0x00000000cd71c508,0x00000000cf880000)
 Metaspace       used 6419K, capacity 7158K, committed 7296K, reserved 1056768K
  class space    used 599K, capacity 622K, committed 640K, reserved 1048576K
}
Event: 44.326 GC heap before
{Heap before GC invocations=17 (full 4):
 PSYoungGen      total 235520K, used 58349K [0x00000000eab00000, 0x0000000100000000, 0x0000000100000000)
  eden space 177152K, 0% used [0x00000000eab00000,0x00000000eab00000,0x00000000f5800000)
  from space 58368K, 99% used [0x00000000fae00000,0x00000000fe6fb440,0x00000000fe700000)
  to   space 86016K, 0% used [0x00000000f5800000,0x00000000f5800000,0x00000000fac00000)
 ParOldGen       total 254464K, used 220273K [0x00000000c0000000, 0x00000000cf880000, 0x00000000eab00000)
  object space 254464K, 86% used [0x00000000c0000000,0x00000000cd71c508,0x00000000cf880000)
 Metaspace       used 6419K, capacity 7158K, committed 7296K, reserved 1056768K
  class space    used 599K, capacity 622K, committed 640K, reserved 1048576K

